Ass3/MatlabCode/Torso_ert_rtw/Torso/build/intermediates/manifest_merge_blame_file/debug/manifest-merger-blame-debug-report.txt
1<?xml version="1.0" encoding="utf-8"?>
2<manifest xmlns:android="http://schemas.android.com/apk/res/android"
3    package="com.example.Torso"
4    android:versionCode="1"
5    android:versionName="1.0" >
6
7    <uses-sdk
8        android:minSdkVersion="17"
8-->src\main\AndroidManifest.xml
9        android:targetSdkVersion="28" />
9-->src\main\AndroidManifest.xml
10
11    <uses-permission android:name="android.permission.ACCESS_WIFI_STATE" />
11-->src\main\AndroidManifest.xml:18:4-74
11-->src\main\AndroidManifest.xml:18:21-72
12    <uses-permission android:name="android.permission.INTERNET" />
12-->src\main\AndroidManifest.xml:19:4-65
12-->src\main\AndroidManifest.xml:19:21-63
13    <uses-permission android:name="android.permission.ACCESS_NETWORK_STATE" />
13-->src\main\AndroidManifest.xml:20:4-77
13-->src\main\AndroidManifest.xml:20:21-75
14    <uses-permission android:name="android.permission.WRITE_EXTERNAL_STORAGE" />
14-->src\main\AndroidManifest.xml:21:4-79
14-->src\main\AndroidManifest.xml:21:21-77
15
16    <application
16-->src\main\AndroidManifest.xml:6:5-17:19
17        android:appComponentFactory="androidx.core.app.CoreComponentFactory"
17-->[androidx.core:core:1.0.0] AndroidManifest.xml:22:18-86
18        android:debuggable="true"
19        android:icon="@drawable/ic_launcher"
19-->src\main\AndroidManifest.xml:6:18-54
20        android:label="@string/app_name"
20-->src\main\AndroidManifest.xml:6:55-87
21        android:theme="@style/MWAppTheme" >
21-->src\main\AndroidManifest.xml:7:17-50
22        <activity
22-->src\main\AndroidManifest.xml:8:9-16:20
23            android:name="com.example.Torso.Torso"
23-->src\main\AndroidManifest.xml:9:17-37
24            android:configChanges="orientation|screenSize"
24-->src\main\AndroidManifest.xml:8:19-65
25            android:label="@string/app_name"
25-->src\main\AndroidManifest.xml:8:66-98
26            android:screenOrientation="landscape"
26-->src\main\AndroidManifest.xml:10:17-54
27            android:theme="@style/MWAppTheme.NoActionBar" >
27-->src\main\AndroidManifest.xml:11:17-62
28            <intent-filter>
28-->src\main\AndroidManifest.xml:12:13-15:29
29                <action android:name="android.intent.action.MAIN" />
29-->src\main\AndroidManifest.xml:13:17-68
29-->src\main\AndroidManifest.xml:13:25-66
30
31                <category android:name="android.intent.category.LAUNCHER" />
31-->src\main\AndroidManifest.xml:14:17-76
31-->src\main\AndroidManifest.xml:14:27-74
32            </intent-filter>
33        </activity>
34    </application>
35
36</manifest>